<?xml version="1.0" encoding="UTF-8"?>
<!-- Generated by org.testng.reporters.JUnitXMLReporter -->
<testsuite ignored="0" hostname="DESKTOP-IV2TGGS" failures="1" tests="1" name="Command line test" time="385.078" errors="0" timestamp="28 Mar 2021 06:50:26 GMT">
  <testcase classname="Tests.loginpageTest" name="validationpage" time="192.83">
    <failure type="java.lang.AssertionError" message="expected [true] but found [false]">
      <![CDATA[java.lang.AssertionError: expected [true] but found [false]
at Tests.loginpageTest.validationpage(loginpageTest.java:42)
... Removed 38 stack frames]]>
    </failure>
  </testcase> <!-- validationpage -->
</testsuite> <!-- Command line test -->
